GowinSynthesis start
Running parser ...
Analyzing Verilog file 'C:\Users\jordi\OneDrive\Documents\Projects\FPGA\vdp20k\src\dvi_tx\dvi_tx.v'
Analyzing Verilog file 'C:\Users\jordi\OneDrive\Documents\Projects\FPGA\vdp20k\src\planes\foreground\foregroundPlane.v'
Analyzing Verilog file 'C:\Users\jordi\OneDrive\Documents\Projects\FPGA\vdp20k\src\top.v'
Undeclared symbol 'pix_clk', assumed default net type 'wire'("C:\Users\jordi\OneDrive\Documents\Projects\FPGA\vdp20k\src\top.v":60)
Undeclared symbol 'reset_n', assumed default net type 'wire'("C:\Users\jordi\OneDrive\Documents\Projects\FPGA\vdp20k\src\top.v":61)
Undeclared symbol 'a', assumed default net type 'wire'("C:\Users\jordi\OneDrive\Documents\Projects\FPGA\vdp20k\src\top.v":62)
Undeclared symbol 'b', assumed default net type 'wire'("C:\Users\jordi\OneDrive\Documents\Projects\FPGA\vdp20k\src\top.v":63)
Undeclared symbol 'c', assumed default net type 'wire'("C:\Users\jordi\OneDrive\Documents\Projects\FPGA\vdp20k\src\top.v":64)
Undeclared symbol 'd', assumed default net type 'wire'("C:\Users\jordi\OneDrive\Documents\Projects\FPGA\vdp20k\src\top.v":65)
Analyzing Verilog file 'C:\Users\jordi\OneDrive\Documents\Projects\FPGA\vdp20k\src\clock\clockGenerator.v'
Undeclared symbol 'O_pll_lock', assumed default net type 'wire'("C:\Users\jordi\OneDrive\Documents\Projects\FPGA\vdp20k\src\clock\clockGenerator.v":23)
Analyzing Verilog file 'C:\Users\jordi\OneDrive\Documents\Projects\FPGA\vdp20k\src\clock\gowin_rpll\TMDS_rPLL.v'
Analyzing Verilog file 'C:\Users\jordi\OneDrive\Documents\Projects\FPGA\vdp20k\src\PlaneMixer.v'
Compiling module 'top'("C:\Users\jordi\OneDrive\Documents\Projects\FPGA\vdp20k\src\top.v":24)
Compiling module 'clockGenerator'("C:\Users\jordi\OneDrive\Documents\Projects\FPGA\vdp20k\src\clock\clockGenerator.v":1)
Compiling module 'TMDS_rPLL'("C:\Users\jordi\OneDrive\Documents\Projects\FPGA\vdp20k\src\clock\gowin_rpll\TMDS_rPLL.v":9)
Compiling module 'ForegroundPlane'("C:\Users\jordi\OneDrive\Documents\Projects\FPGA\vdp20k\src\planes\foreground\foregroundPlane.v":2)
Compiling module 'PlaneMixer'("C:\Users\jordi\OneDrive\Documents\Projects\FPGA\vdp20k\src\PlaneMixer.v":1)
Compiling module 'DVI_TX_Top'("C:\Users\jordi\OneDrive\Documents\Projects\FPGA\vdp20k\src\dvi_tx\dvi_tx.v":1035)
Compiling module '**'("C:\Users\jordi\OneDrive\Documents\Projects\FPGA\vdp20k\src\dvi_tx\dvi_tx.v":0)
Compiling module '**'("C:\Users\jordi\OneDrive\Documents\Projects\FPGA\vdp20k\src\dvi_tx\dvi_tx.v":0)
Compiling module '**'("C:\Users\jordi\OneDrive\Documents\Projects\FPGA\vdp20k\src\dvi_tx\dvi_tx.v":0)
Compiling module '**'("C:\Users\jordi\OneDrive\Documents\Projects\FPGA\vdp20k\src\dvi_tx\dvi_tx.v":0)
NOTE  (EX0101) : Current top module is "top"
[5%] Running netlist conversion ...
Running device independent optimization ...
[10%] Optimizing Phase 0 completed
[15%] Optimizing Phase 1 completed
[25%] Optimizing Phase 2 completed
Running inference ...
[30%] Inferring Phase 0 completed
[40%] Inferring Phase 1 completed
[50%] Inferring Phase 2 completed
[55%] Inferring Phase 3 completed
Running technical mapping ...
[60%] Tech-Mapping Phase 0 completed
[65%] Tech-Mapping Phase 1 completed
[75%] Tech-Mapping Phase 2 completed
[80%] Tech-Mapping Phase 3 completed
[90%] Tech-Mapping Phase 4 completed
[95%] Generate netlist file "C:\Users\jordi\OneDrive\Documents\Projects\FPGA\vdp20k\impl\gwsynthesis\hdmi.vg" completed
[100%] Generate report file "C:\Users\jordi\OneDrive\Documents\Projects\FPGA\vdp20k\impl\gwsynthesis\hdmi_syn.rpt.html" completed
GowinSynthesis finish
